{"target": 0.9623618388739996, "params": {"detectionthresholdsquare": 0.46448608248129236, "minimalnumberofconnections": 5.020140275174654, "pafthreshold": 0.09868856428026015}, "datetime": {"datetime": "2021-07-09 07:06:17", "elapsed": 32.618162, "delta": 0.508594}}
{"target": 0.9314233450673087, "params": {"detectionthresholdsquare": 0.5430771875255538, "minimalnumberofconnections": 8.729066671898778, "pafthreshold": 0.26241482573856895}, "datetime": {"datetime": "2021-07-09 07:06:17", "elapsed": 33.107985, "delta": 0.489823}}
{"target": 0.808951906935023, "params": {"detectionthresholdsquare": 0.8479380087322362, "minimalnumberofconnections": 3.5341763945406814, "pafthreshold": 0.3654263929722694}, "datetime": {"datetime": "2021-07-09 07:06:18", "elapsed": 33.645435, "delta": 0.53745}}
{"target": 0.9623618388739996, "params": {"detectionthresholdsquare": 0.49527604013729487, "minimalnumberofconnections": 1.1004347773540406, "pafthreshold": 0.06686935747035679}, "datetime": {"datetime": "2021-07-09 07:06:18", "elapsed": 34.159886, "delta": 0.514451}}
{"target": 0.657189477544671, "params": {"detectionthresholdsquare": 0.24507114002517655, "minimalnumberofconnections": 6.4362770593860725, "pafthreshold": 0.43513975185124204}, "datetime": {"datetime": "2021-07-09 07:06:19", "elapsed": 34.598921, "delta": 0.439035}}
{"target": 0.8677530023220608, "params": {"detectionthresholdsquare": 0.6125058776007426, "minimalnumberofconnections": 2.771250610535673, "pafthreshold": 0.3112892975731853}, "datetime": {"datetime": "2021-07-09 07:06:19", "elapsed": 35.097313, "delta": 0.498392}}
{"target": 0.9613615343109854, "params": {"detectionthresholdsquare": 0.335582268161174, "minimalnumberofconnections": 8.285537807738248, "pafthreshold": 0.1280939667790847}, "datetime": {"datetime": "2021-07-09 07:06:20", "elapsed": 35.600139, "delta": 0.502826}}
{"target": 0.8780964396510303, "params": {"detectionthresholdsquare": 0.8256319623000793, "minimalnumberofconnections": 4.10193916640554, "pafthreshold": 0.332249866577586}, "datetime": {"datetime": "2021-07-09 07:06:20", "elapsed": 36.094424, "delta": 0.494285}}
{"target": 0.9623618388739996, "params": {"detectionthresholdsquare": 0.2901945388067533, "minimalnumberofconnections": 1.8080774513011173, "pafthreshold": 0.060538045669690024}, "datetime": {"datetime": "2021-07-09 07:06:21", "elapsed": 36.593308, "delta": 0.498884}}
{"target": 0.9623618388739996, "params": {"detectionthresholdsquare": 0.6408783751390734, "minimalnumberofconnections": 6.0855136795752705, "pafthreshold": 0.08680898758076824}, "datetime": {"datetime": "2021-07-09 07:06:21", "elapsed": 37.091563, "delta": 0.498255}}
{"target": 0.41383225279618074, "params": {"detectionthresholdsquare": 0.31993466968209683, "minimalnumberofconnections": 8.632106246266206, "pafthreshold": 0.5135474221112047}, "datetime": {"datetime": "2021-07-09 07:06:21", "elapsed": 37.404618, "delta": 0.313055}}
{"target": 0.6313980759786161, "params": {"detectionthresholdsquare": 0.8173936779803328, "minimalnumberofconnections": 6.769827786216108, "pafthreshold": 0.4455828063903722}, "datetime": {"datetime": "2021-07-09 07:06:22", "elapsed": 37.919797, "delta": 0.515179}}
{"target": 0.7103132959067344, "params": {"detectionthresholdsquare": 0.6547297362832066, "minimalnumberofconnections": 6.847876211477574, "pafthreshold": 0.4151511176584201}, "datetime": {"datetime": "2021-07-09 07:06:22", "elapsed": 38.373432, "delta": 0.453635}}
{"target": 0.9613615343109854, "params": {"detectionthresholdsquare": 0.5434962467237143, "minimalnumberofconnections": 2.3537577700535737, "pafthreshold": 0.1211850650573912}, "datetime": {"datetime": "2021-07-09 07:06:23", "elapsed": 38.907969, "delta": 0.534537}}
{"target": 0.9623618388739996, "params": {"detectionthresholdsquare": 0.5161360180575651, "minimalnumberofconnections": 8.350185758653506, "pafthreshold": 0.10247217520202345}, "datetime": {"datetime": "2021-07-09 07:06:23", "elapsed": 39.434706, "delta": 0.526737}}
{"target": 0.9623618388739996, "params": {"detectionthresholdsquare": 0.4942349655590754, "minimalnumberofconnections": 8.369647421183723, "pafthreshold": 0.06513859768583376}, "datetime": {"datetime": "2021-07-09 07:06:24", "elapsed": 39.996532, "delta": 0.561826}}
{"target": 0.16311970818309213, "params": {"detectionthresholdsquare": 0.84036697304961, "minimalnumberofconnections": 1.9901308728867981, "pafthreshold": 0.6872994823027921}, "datetime": {"datetime": "2021-07-09 07:06:24", "elapsed": 40.388844, "delta": 0.392312}}
{"target": 0.9558208155066656, "params": {"detectionthresholdsquare": 0.585911084746186, "minimalnumberofconnections": 4.909165676628881, "pafthreshold": 0.20922185280261874}, "datetime": {"datetime": "2021-07-09 07:06:25", "elapsed": 40.934378, "delta": 0.545534}}
{"target": 0.9623618388739996, "params": {"detectionthresholdsquare": 0.7942624804683168, "minimalnumberofconnections": 5.095055530616662, "pafthreshold": 0.08189227383548278}, "datetime": {"datetime": "2021-07-09 07:06:26", "elapsed": 41.485982, "delta": 0.551604}}
{"target": 0.952717871540454, "params": {"detectionthresholdsquare": 0.7903753595384163, "minimalnumberofconnections": 5.612266404378881, "pafthreshold": 0.24437058181740368}, "datetime": {"datetime": "2021-07-09 07:06:26", "elapsed": 42.009366, "delta": 0.523384}}
{"target": 0.9406614851921562, "params": {"detectionthresholdsquare": 0.6560278422620592, "minimalnumberofconnections": 2.773633284894002, "pafthreshold": 0.24423385377364448}, "datetime": {"datetime": "2021-07-09 07:06:27", "elapsed": 42.529484, "delta": 0.520118}}
{"target": 0.6368401875833984, "params": {"detectionthresholdsquare": 0.5111759154638259, "minimalnumberofconnections": 3.9639369340558437, "pafthreshold": 0.4436754470493948}, "datetime": {"datetime": "2021-07-09 07:06:27", "elapsed": 43.043777, "delta": 0.514293}}
{"target": -1000000000.0, "params": {"detectionthresholdsquare": 0.10877734828019288, "minimalnumberofconnections": 8.547443594288234, "pafthreshold": 0.6515911524620773}, "datetime": {"datetime": "2021-07-09 07:06:27", "elapsed": 43.25168, "delta": 0.207903}}
{"target": 0.6994538306539567, "params": {"detectionthresholdsquare": 0.8240066000957287, "minimalnumberofconnections": 2.039303284768488, "pafthreshold": 0.3867943135671487}, "datetime": {"datetime": "2021-07-09 07:06:28", "elapsed": 43.772659, "delta": 0.520979}}
{"target": -1000000000.0, "params": {"detectionthresholdsquare": 0.33812734376331793, "minimalnumberofconnections": 8.015398897986396, "pafthreshold": 0.6785507204082067}, "datetime": {"datetime": "2021-07-09 07:06:28", "elapsed": 44.008373, "delta": 0.235714}}
{"target": 0.9562741869537633, "params": {"detectionthresholdsquare": 0.7237102881637357, "minimalnumberofconnections": 2.705313961219691, "pafthreshold": 0.17243795521461397}, "datetime": {"datetime": "2021-07-09 07:06:29", "elapsed": 44.556287, "delta": 0.547914}}
{"target": 0.28450950666429153, "params": {"detectionthresholdsquare": 0.45449980259849626, "minimalnumberofconnections": 1.0634018885861627, "pafthreshold": 0.5875203124970184}, "datetime": {"datetime": "2021-07-09 07:06:29", "elapsed": 45.008623, "delta": 0.452336}}
{"target": 0.9623618388739996, "params": {"detectionthresholdsquare": 0.48102190249733456, "minimalnumberofconnections": 8.371406167344219, "pafthreshold": 0.09631524680612977}, "datetime": {"datetime": "2021-07-09 07:06:30", "elapsed": 45.574382, "delta": 0.565759}}
{"target": 0.3725977028972311, "params": {"detectionthresholdsquare": 0.6421639851061145, "minimalnumberofconnections": 2.1438535580580886, "pafthreshold": 0.5087724839840309}, "datetime": {"datetime": "2021-07-09 07:06:30", "elapsed": 46.121551, "delta": 0.547169}}
{"target": 0.7287328325956937, "params": {"detectionthresholdsquare": 0.07705885138845417, "minimalnumberofconnections": 7.936678529183647, "pafthreshold": 0.3845432677107775}, "datetime": {"datetime": "2021-07-09 07:06:31", "elapsed": 46.6406, "delta": 0.519049}}
{"target": 0.9035770626168769, "params": {"detectionthresholdsquare": 0.8957409651808578, "minimalnumberofconnections": 8.053541328303503, "pafthreshold": 0.29163759365680364}, "datetime": {"datetime": "2021-07-09 07:06:31", "elapsed": 47.231769, "delta": 0.591169}}
{"target": 0.9623618388739996, "params": {"detectionthresholdsquare": 0.5657731433238616, "minimalnumberofconnections": 8.331131284243089, "pafthreshold": 0.0743306450308337}, "datetime": {"datetime": "2021-07-09 07:06:32", "elapsed": 47.838443, "delta": 0.606674}}
{"target": 0.4147629095292489, "params": {"detectionthresholdsquare": 0.3195069290860672, "minimalnumberofconnections": 8.641933142611435, "pafthreshold": 0.5158617962450891}, "datetime": {"datetime": "2021-07-09 07:06:32", "elapsed": 48.19113, "delta": 0.352687}}
{"target": 0.6320500628300991, "params": {"detectionthresholdsquare": 0.16393671928245104, "minimalnumberofconnections": 8.507168423955026, "pafthreshold": 0.41906186335172585}, "datetime": {"datetime": "2021-07-09 07:06:33", "elapsed": 48.693918, "delta": 0.502788}}
{"target": 0.6123747074341925, "params": {"detectionthresholdsquare": 0.22520133712802962, "minimalnumberofconnections": 8.507978421728012, "pafthreshold": 0.4377296437625965}, "datetime": {"datetime": "2021-07-09 07:06:33", "elapsed": 49.149422, "delta": 0.455504}}
{"target": 0.44316075437351715, "params": {"detectionthresholdsquare": 0.316679154535635, "minimalnumberofconnections": 8.61963520032343, "pafthreshold": 0.5047030774473645}, "datetime": {"datetime": "2021-07-09 07:06:34", "elapsed": 49.531175, "delta": 0.381753}}
{"target": 0.3858258435992524, "params": {"detectionthresholdsquare": 0.5716667847170417, "minimalnumberofconnections": 7.961328393958447, "pafthreshold": 0.5223846659194336}, "datetime": {"datetime": "2021-07-09 07:06:34", "elapsed": 49.880806, "delta": 0.349631}}
{"target": 0.632756348290174, "params": {"detectionthresholdsquare": 0.14286099539019104, "minimalnumberofconnections": 8.438851461003896, "pafthreshold": 0.42459922687949947}, "datetime": {"datetime": "2021-07-09 07:06:34", "elapsed": 50.375349, "delta": 0.494543}}
