{"target": 0.3938144397370296, "params": {"detectionthresholdsquare": 0.33708610696262625, "minimalnumberofconnections": 8.60571445127933, "pafthreshold": 0.5257960621774133}, "datetime": {"datetime": "2021-07-09 07:05:44", "elapsed": 0.0, "delta": 0.0}}
{"target": 0.9603479170971787, "params": {"detectionthresholdsquare": 0.5387926357773329, "minimalnumberofconnections": 2.248149123539492, "pafthreshold": 0.15139643821853171}, "datetime": {"datetime": "2021-07-09 07:05:44", "elapsed": 0.386615, "delta": 0.386615}}
{"target": 0.6350334422920736, "params": {"detectionthresholdsquare": 0.05227525095137952, "minimalnumberofconnections": 7.929409166199481, "pafthreshold": 0.44072475763308566}, "datetime": {"datetime": "2021-07-09 07:05:45", "elapsed": 0.695845, "delta": 0.30923}}
{"target": 0.169594979252035, "params": {"detectionthresholdsquare": 0.637265320016441, "minimalnumberofconnections": 1.1646759543664196, "pafthreshold": 0.6804414039052963}, "datetime": {"datetime": "2021-07-09 07:05:45", "elapsed": 0.946828, "delta": 0.250983}}
{"target": 0.9562741869537633, "params": {"detectionthresholdsquare": 0.7491983767203796, "minimalnumberofconnections": 2.6987128854262092, "pafthreshold": 0.16818622868461539}, "datetime": {"datetime": "2021-07-09 07:05:45", "elapsed": 1.328385, "delta": 0.381557}}
{"target": 0.7657251486056164, "params": {"detectionthresholdsquare": 0.16506405886809045, "minimalnumberofconnections": 3.433937943676302, "pafthreshold": 0.39109168056095456}, "datetime": {"datetime": "2021-07-09 07:05:46", "elapsed": 1.708245, "delta": 0.37986}}
{"target": 0.6301310728319677, "params": {"detectionthresholdsquare": 0.3887505167779042, "minimalnumberofconnections": 3.3298331215843353, "pafthreshold": 0.4477043815695466}, "datetime": {"datetime": "2021-07-09 07:05:46", "elapsed": 2.057373, "delta": 0.349128}}
{"target": 0.9250885693537847, "params": {"detectionthresholdsquare": 0.12554447458683765, "minimalnumberofconnections": 3.3371571882817452, "pafthreshold": 0.28813519814089955}, "datetime": {"datetime": "2021-07-09 07:05:46", "elapsed": 2.421398, "delta": 0.364025}}
{"target": 0.9583070885035204, "params": {"detectionthresholdsquare": 0.41046298579533236, "minimalnumberofconnections": 7.281407691144109, "pafthreshold": 0.17978795840293382}, "datetime": {"datetime": "2021-07-09 07:05:47", "elapsed": 2.787365, "delta": 0.365967}}
{"target": 0.9623618388739996, "params": {"detectionthresholdsquare": 0.46281099457225044, "minimalnumberofconnections": 5.73931655089634, "pafthreshold": 0.08019276826799852}, "datetime": {"datetime": "2021-07-09 07:05:47", "elapsed": 3.175118, "delta": 0.387753}}
{"target": 0.9623618388739996, "params": {"detectionthresholdsquare": 0.5467903667112946, "minimalnumberofconnections": 2.3641929894983322, "pafthreshold": 0.09228353544043169}, "datetime": {"datetime": "2021-07-09 07:05:48", "elapsed": 3.535827, "delta": 0.360709}}
{"target": -1000000000.0, "params": {"detectionthresholdsquare": 0.8539969835279999, "minimalnumberofconnections": 8.725056264596475, "pafthreshold": 0.5754582762756997}, "datetime": {"datetime": "2021-07-09 07:05:48", "elapsed": 3.616587, "delta": 0.08076}}
{"target": 0.39804845039460374, "params": {"detectionthresholdsquare": 0.2741523922560336, "minimalnumberofconnections": 1.781376912051071, "pafthreshold": 0.4947514672329019}, "datetime": {"datetime": "2021-07-09 07:05:48", "elapsed": 3.96924, "delta": 0.352653}}
{"target": 0.7389107090925565, "params": {"detectionthresholdsquare": 0.3961372443656412, "minimalnumberofconnections": 1.9763058787582306, "pafthreshold": 0.37186499157232555}, "datetime": {"datetime": "2021-07-09 07:05:48", "elapsed": 4.330797, "delta": 0.361557}}
{"target": 0.9517201669898074, "params": {"detectionthresholdsquare": 0.030949669003696556, "minimalnumberofconnections": 8.274563216630256, "pafthreshold": 0.21820698804001099}, "datetime": {"datetime": "2021-07-09 07:05:49", "elapsed": 4.704718, "delta": 0.373921}}
{"target": 0.7703032412092503, "params": {"detectionthresholdsquare": 0.5962700559185838, "minimalnumberofconnections": 3.4936886087152876, "pafthreshold": 0.38804421376557696}, "datetime": {"datetime": "2021-07-09 07:05:49", "elapsed": 5.07068, "delta": 0.365962}}
{"target": 0.169594979252035, "params": {"detectionthresholdsquare": 0.4920392514089517, "minimalnumberofconnections": 2.4788356442042163, "pafthreshold": 0.680230008046963}, "datetime": {"datetime": "2021-07-09 07:05:49", "elapsed": 5.315129, "delta": 0.244449}}
{"target": -1000000000.0, "params": {"detectionthresholdsquare": 0.6976195410250031, "minimalnumberofconnections": 8.515991532513514, "pafthreshold": 0.6316377777779717}, "datetime": {"datetime": "2021-07-09 07:05:49", "elapsed": 5.378011, "delta": 0.062882}}
{"target": 0.9623618388739996, "params": {"detectionthresholdsquare": 0.5381099809299766, "minimalnumberofconnections": 8.374993880184935, "pafthreshold": 0.10752012633374766}, "datetime": {"datetime": "2021-07-09 07:05:50", "elapsed": 5.756584, "delta": 0.378573}}
{"target": 0.9280459203388592, "params": {"detectionthresholdsquare": 0.1763845761772307, "minimalnumberofconnections": 1.3618183112843045, "pafthreshold": 0.2614647149961218}, "datetime": {"datetime": "2021-07-09 07:05:50", "elapsed": 6.128329, "delta": 0.371745}}
{"target": 0.632756348290174, "params": {"detectionthresholdsquare": 0.21297919309371122, "minimalnumberofconnections": 8.590406637421083, "pafthreshold": 0.42347586024487116}, "datetime": {"datetime": "2021-07-09 07:05:51", "elapsed": 6.507278, "delta": 0.378949}}
{"target": 0.43875553864940886, "params": {"detectionthresholdsquare": 0.2983335663607754, "minimalnumberofconnections": 8.61011335515688, "pafthreshold": 0.4941572452723437}, "datetime": {"datetime": "2021-07-09 07:05:51", "elapsed": 6.772465, "delta": 0.265187}}
{"target": 0.46144600563864463, "params": {"detectionthresholdsquare": 0.21994975701965425, "minimalnumberofconnections": 8.503555999900563, "pafthreshold": 0.4862233385424865}, "datetime": {"datetime": "2021-07-09 07:05:51", "elapsed": 7.061679, "delta": 0.289214}}
{"target": 0.3881449534099187, "params": {"detectionthresholdsquare": 0.30135083665901174, "minimalnumberofconnections": 8.627205045429086, "pafthreshold": 0.5729037840594243}, "datetime": {"datetime": "2021-07-09 07:05:51", "elapsed": 7.23526, "delta": 0.173581}}
{"target": 0.8458497538379904, "params": {"detectionthresholdsquare": 0.19570597023655992, "minimalnumberofconnections": 8.473197824241362, "pafthreshold": 0.3291116742822737}, "datetime": {"datetime": "2021-07-09 07:05:52", "elapsed": 7.676617, "delta": 0.441357}}
{"target": 0.9623618388739996, "params": {"detectionthresholdsquare": 0.4683162628229388, "minimalnumberofconnections": 8.391735423600306, "pafthreshold": 0.11386589599426024}, "datetime": {"datetime": "2021-07-09 07:05:52", "elapsed": 8.142935, "delta": 0.466318}}
{"target": 0.9623618388739996, "params": {"detectionthresholdsquare": 0.4943693040651254, "minimalnumberofconnections": 8.359938091491887, "pafthreshold": 0.05123947375293599}, "datetime": {"datetime": "2021-07-09 07:05:53", "elapsed": 8.600953, "delta": 0.458018}}
{"target": 0.7703032412092503, "params": {"detectionthresholdsquare": 0.35698153993628184, "minimalnumberofconnections": 3.3996621635199613, "pafthreshold": 0.38775938790660436}, "datetime": {"datetime": "2021-07-09 07:05:53", "elapsed": 9.089731, "delta": 0.488778}}
{"target": 0.5460382545859108, "params": {"detectionthresholdsquare": 0.30848641183184483, "minimalnumberofconnections": 1.8547264506349732, "pafthreshold": 0.43829662464844293}, "datetime": {"datetime": "2021-07-09 07:05:54", "elapsed": 9.542901, "delta": 0.45317}}
{"target": 0.8492969841508085, "params": {"detectionthresholdsquare": 0.18911681533475205, "minimalnumberofconnections": 3.3782669941738863, "pafthreshold": 0.34696828132889435}, "datetime": {"datetime": "2021-07-09 07:05:54", "elapsed": 9.993395, "delta": 0.450494}}
{"target": 0.9623618388739996, "params": {"detectionthresholdsquare": 0.27745581453066986, "minimalnumberofconnections": 7.8886702635079216, "pafthreshold": 0.1109960173533512}, "datetime": {"datetime": "2021-07-09 07:05:54", "elapsed": 10.436632, "delta": 0.443237}}
{"target": 0.39783587306386026, "params": {"detectionthresholdsquare": 0.3058439191103622, "minimalnumberofconnections": 8.580944812683624, "pafthreshold": 0.53078023041446}, "datetime": {"datetime": "2021-07-09 07:05:55", "elapsed": 10.664806, "delta": 0.228174}}
{"target": 0.7896087456843575, "params": {"detectionthresholdsquare": 0.2413892588787674, "minimalnumberofconnections": 3.0423009312395415, "pafthreshold": 0.37791183028692793}, "datetime": {"datetime": "2021-07-09 07:05:55", "elapsed": 11.143152, "delta": 0.478346}}
{"target": 0.8440846644952799, "params": {"detectionthresholdsquare": 0.5511217429090587, "minimalnumberofconnections": 1.4921152912997604, "pafthreshold": 0.32616331078240884}, "datetime": {"datetime": "2021-07-09 07:05:56", "elapsed": 11.604107, "delta": 0.460955}}
{"target": 0.632756348290174, "params": {"detectionthresholdsquare": 0.15319739416756112, "minimalnumberofconnections": 8.52491257132441, "pafthreshold": 0.423805200886187}, "datetime": {"datetime": "2021-07-09 07:05:56", "elapsed": 11.988112, "delta": 0.384005}}
{"target": 0.80098711840983, "params": {"detectionthresholdsquare": 0.07700682522047564, "minimalnumberofconnections": 8.01708156994172, "pafthreshold": 0.3471314501051171}, "datetime": {"datetime": "2021-07-09 07:05:56", "elapsed": 12.437574, "delta": 0.449462}}
{"target": 0.8128492797438724, "params": {"detectionthresholdsquare": 0.40648226024725254, "minimalnumberofconnections": 1.5268120361704938, "pafthreshold": 0.33937189265502526}, "datetime": {"datetime": "2021-07-09 07:05:57", "elapsed": 12.917689, "delta": 0.480115}}
{"target": 0.23848355431713844, "params": {"detectionthresholdsquare": 0.3026974970809892, "minimalnumberofconnections": 1.4650198414895153, "pafthreshold": 0.6210342581054306}, "datetime": {"datetime": "2021-07-09 07:05:57", "elapsed": 13.309616, "delta": 0.391927}}
{"target": 0.4236061446180454, "params": {"detectionthresholdsquare": 0.32563600504393997, "minimalnumberofconnections": 1.4694743105479153, "pafthreshold": 0.4800085289863715}, "datetime": {"datetime": "2021-07-09 07:05:58", "elapsed": 13.77972, "delta": 0.470104}}
{"target": 0.61804690306484, "params": {"detectionthresholdsquare": 0.23068971866879118, "minimalnumberofconnections": 8.495741995280955, "pafthreshold": 0.43532252472537336}, "datetime": {"datetime": "2021-07-09 07:05:58", "elapsed": 14.177748, "delta": 0.398028}}
{"target": 0.9623618388739996, "params": {"detectionthresholdsquare": 0.5122403606648451, "minimalnumberofconnections": 8.324450459835639, "pafthreshold": 0.10102567420072651}, "datetime": {"datetime": "2021-07-09 07:05:59", "elapsed": 14.656413, "delta": 0.478665}}
{"target": 0.1883481774048158, "params": {"detectionthresholdsquare": 0.4740795096138519, "minimalnumberofconnections": 2.7699500014097893, "pafthreshold": 0.6583296526976229}, "datetime": {"datetime": "2021-07-09 07:05:59", "elapsed": 15.015948, "delta": 0.359535}}
{"target": 0.333735026776278, "params": {"detectionthresholdsquare": 0.06329136846875857, "minimalnumberofconnections": 7.24567399601316, "pafthreshold": 0.6171400986770493}, "datetime": {"datetime": "2021-07-09 07:05:59", "elapsed": 15.191105, "delta": 0.175157}}
{"target": 0.25185423604676554, "params": {"detectionthresholdsquare": 0.5114474805402728, "minimalnumberofconnections": 2.62081283814163, "pafthreshold": 0.6081852544908024}, "datetime": {"datetime": "2021-07-09 07:06:00", "elapsed": 15.58935, "delta": 0.398245}}
{"target": 0.6903344456458804, "params": {"detectionthresholdsquare": 0.46693281918074114, "minimalnumberofconnections": 1.510557189578127, "pafthreshold": 0.38825750203889575}, "datetime": {"datetime": "2021-07-09 07:06:00", "elapsed": 16.068173, "delta": 0.478823}}
{"target": 0.4843441511398957, "params": {"detectionthresholdsquare": 0.7319711475000392, "minimalnumberofconnections": 7.087627608154703, "pafthreshold": 0.4758645750478828}, "datetime": {"datetime": "2021-07-09 07:06:00", "elapsed": 16.405779, "delta": 0.337606}}
{"target": 0.7862541885885379, "params": {"detectionthresholdsquare": 0.19959254126701903, "minimalnumberofconnections": 8.566247019967523, "pafthreshold": 0.3537712183545929}, "datetime": {"datetime": "2021-07-09 07:06:01", "elapsed": 16.883274, "delta": 0.477495}}
{"target": 0.8677530023220608, "params": {"detectionthresholdsquare": 0.24913576048389, "minimalnumberofconnections": 1.4078509270112152, "pafthreshold": 0.31159895346294486}, "datetime": {"datetime": "2021-07-09 07:06:01", "elapsed": 17.364146, "delta": 0.480872}}
{"target": 0.9229288528834904, "params": {"detectionthresholdsquare": 0.11342591278375865, "minimalnumberofconnections": 8.290584296334325, "pafthreshold": 0.2817539923314434}, "datetime": {"datetime": "2021-07-09 07:06:02", "elapsed": 17.844293, "delta": 0.480147}}
{"target": 0.9613615343109854, "params": {"detectionthresholdsquare": 0.5493289080804343, "minimalnumberofconnections": 2.3425429448238866, "pafthreshold": 0.1326487881421669}, "datetime": {"datetime": "2021-07-09 07:06:02", "elapsed": 18.350295, "delta": 0.506002}}
{"target": 0.6682591397376444, "params": {"detectionthresholdsquare": 0.19126448871377577, "minimalnumberofconnections": 8.544547256410384, "pafthreshold": 0.4045633486042072}, "datetime": {"datetime": "2021-07-09 07:06:03", "elapsed": 18.804947, "delta": 0.454652}}
{"target": 0.7004951024340048, "params": {"detectionthresholdsquare": 0.521425115927104, "minimalnumberofconnections": 3.457452675436919, "pafthreshold": 0.4163689560319236}, "datetime": {"datetime": "2021-07-09 07:06:03", "elapsed": 19.263502, "delta": 0.458555}}
{"target": 0.9623618388739996, "params": {"detectionthresholdsquare": 0.12197745390687602, "minimalnumberofconnections": 8.567463741984266, "pafthreshold": 0.11535102934353025}, "datetime": {"datetime": "2021-07-09 07:06:04", "elapsed": 19.737727, "delta": 0.474225}}
{"target": 0.9623618388739996, "params": {"detectionthresholdsquare": 0.5080810267847685, "minimalnumberofconnections": 8.390911382877073, "pafthreshold": 0.08201380536370946}, "datetime": {"datetime": "2021-07-09 07:06:04", "elapsed": 20.236397, "delta": 0.49867}}
{"target": 0.9573228493635282, "params": {"detectionthresholdsquare": 0.17194049690522728, "minimalnumberofconnections": 8.45838694448491, "pafthreshold": 0.18849130397825703}, "datetime": {"datetime": "2021-07-09 07:06:05", "elapsed": 20.756859, "delta": 0.520462}}
{"target": 0.7835360497603946, "params": {"detectionthresholdsquare": 0.24164047698651508, "minimalnumberofconnections": 3.147678443699996, "pafthreshold": 0.38188191238236413}, "datetime": {"datetime": "2021-07-09 07:06:05", "elapsed": 21.259902, "delta": 0.503043}}
{"target": 0.9542879674452042, "params": {"detectionthresholdsquare": 0.6901639038443376, "minimalnumberofconnections": 2.7851115553074033, "pafthreshold": 0.18328833897522573}, "datetime": {"datetime": "2021-07-09 07:06:06", "elapsed": 21.740959, "delta": 0.481057}}
{"target": 0.333735026776278, "params": {"detectionthresholdsquare": 0.43939905234327215, "minimalnumberofconnections": 7.410240558212832, "pafthreshold": 0.6192684597198698}, "datetime": {"datetime": "2021-07-09 07:06:06", "elapsed": 21.92061, "delta": 0.179651}}
{"target": 0.9613615343109854, "params": {"detectionthresholdsquare": 0.49023450682557673, "minimalnumberofconnections": 4.091498855918839, "pafthreshold": 0.12357427719908526}, "datetime": {"datetime": "2021-07-09 07:06:06", "elapsed": 22.411165, "delta": 0.490555}}
{"target": 0.465092518535001, "params": {"detectionthresholdsquare": 0.38074029949018157, "minimalnumberofconnections": 7.3521163805750165, "pafthreshold": 0.49680178211661835}, "datetime": {"datetime": "2021-07-09 07:06:07", "elapsed": 22.729154, "delta": 0.317989}}
{"target": 0.594457417837564, "params": {"detectionthresholdsquare": 0.15146695309644065, "minimalnumberofconnections": 8.435037942469853, "pafthreshold": 0.44788372934778675}, "datetime": {"datetime": "2021-07-09 07:06:07", "elapsed": 23.121466, "delta": 0.392312}}
{"target": 0.9542879674452042, "params": {"detectionthresholdsquare": 0.8134413365394141, "minimalnumberofconnections": 1.893758607515772, "pafthreshold": 0.1909175657176539}, "datetime": {"datetime": "2021-07-09 07:06:08", "elapsed": 23.594782, "delta": 0.473316}}
{"target": 0.47193244293000874, "params": {"detectionthresholdsquare": 0.34468925384965265, "minimalnumberofconnections": 1.7342038917643157, "pafthreshold": 0.4667158149369369}, "datetime": {"datetime": "2021-07-09 07:06:08", "elapsed": 24.081505, "delta": 0.486723}}
{"target": 0.9623618388739996, "params": {"detectionthresholdsquare": 0.47937876344851604, "minimalnumberofconnections": 8.351576237673942, "pafthreshold": 0.09341122513399487}, "datetime": {"datetime": "2021-07-09 07:06:09", "elapsed": 24.582238, "delta": 0.500733}}
{"target": 0.3371932933315971, "params": {"detectionthresholdsquare": 0.4136061402467721, "minimalnumberofconnections": 7.362789503838469, "pafthreshold": 0.5795332957104472}, "datetime": {"datetime": "2021-07-09 07:06:09", "elapsed": 24.83258, "delta": 0.250342}}
{"target": 0.3578708181919878, "params": {"detectionthresholdsquare": 0.68429680553432, "minimalnumberofconnections": 5.885213531479364, "pafthreshold": 0.5399477315416107}, "datetime": {"datetime": "2021-07-09 07:06:09", "elapsed": 25.157346, "delta": 0.324766}}
{"target": 0.9623618388739996, "params": {"detectionthresholdsquare": 0.583450464204349, "minimalnumberofconnections": 8.319580992122487, "pafthreshold": 0.05908940733856891}, "datetime": {"datetime": "2021-07-09 07:06:10", "elapsed": 25.676826, "delta": 0.51948}}
{"target": 0.9623618388739996, "params": {"detectionthresholdsquare": 0.09235468626460566, "minimalnumberofconnections": 8.578091282807353, "pafthreshold": 0.09146718754101718}, "datetime": {"datetime": "2021-07-09 07:06:10", "elapsed": 26.167924, "delta": 0.491098}}
{"target": 0.394868815651264, "params": {"detectionthresholdsquare": 0.31511413065889615, "minimalnumberofconnections": 8.663928681691743, "pafthreshold": 0.5269176500999089}, "datetime": {"datetime": "2021-07-09 07:06:10", "elapsed": 26.443003, "delta": 0.275079}}
{"target": 0.38209634694129785, "params": {"detectionthresholdsquare": 0.3131624442509279, "minimalnumberofconnections": 8.595316159318621, "pafthreshold": 0.5421860776537053}, "datetime": {"datetime": "2021-07-09 07:06:11", "elapsed": 26.692563, "delta": 0.24956}}
{"target": 0.9385505848721847, "params": {"detectionthresholdsquare": 0.4280408545918438, "minimalnumberofconnections": 7.304208489988679, "pafthreshold": 0.2657470327663522}, "datetime": {"datetime": "2021-07-09 07:06:11", "elapsed": 27.211594, "delta": 0.519031}}
{"target": 0.9562741869537633, "params": {"detectionthresholdsquare": 0.6812839222688403, "minimalnumberofconnections": 2.707986006378971, "pafthreshold": 0.16611539938641912}, "datetime": {"datetime": "2021-07-09 07:06:12", "elapsed": 27.758351, "delta": 0.546757}}
{"target": 0.9497464814846002, "params": {"detectionthresholdsquare": 0.7488180014144957, "minimalnumberofconnections": 1.8998488327778569, "pafthreshold": 0.20354070543265285}, "datetime": {"datetime": "2021-07-09 07:06:12", "elapsed": 28.3091, "delta": 0.550749}}
{"target": 0.41383225279618074, "params": {"detectionthresholdsquare": 0.3278467998625707, "minimalnumberofconnections": 8.598316349874162, "pafthreshold": 0.5089147260590007}, "datetime": {"datetime": "2021-07-09 07:06:13", "elapsed": 28.639956, "delta": 0.330856}}
{"target": 0.7246320272827443, "params": {"detectionthresholdsquare": 0.15085051650474512, "minimalnumberofconnections": 8.42792781280869, "pafthreshold": 0.3866133898504471}, "datetime": {"datetime": "2021-07-09 07:06:13", "elapsed": 29.105424, "delta": 0.465468}}
{"target": 0.2261249856305937, "params": {"detectionthresholdsquare": 0.4728037099797298, "minimalnumberofconnections": 2.6935829249736445, "pafthreshold": 0.6328257463792105}, "datetime": {"datetime": "2021-07-09 07:06:14", "elapsed": 29.547138, "delta": 0.441714}}
{"target": 0.9623618388739996, "params": {"detectionthresholdsquare": 0.5376466907732222, "minimalnumberofconnections": 8.329415468514963, "pafthreshold": 0.06586794157301072}, "datetime": {"datetime": "2021-07-09 07:06:14", "elapsed": 30.095532, "delta": 0.548394}}
{"target": 0.3821102462532531, "params": {"detectionthresholdsquare": 0.3088445618279445, "minimalnumberofconnections": 8.628089874485163, "pafthreshold": 0.5597467685703903}, "datetime": {"datetime": "2021-07-09 07:06:14", "elapsed": 30.363156, "delta": 0.267624}}
{"target": 0.7456746562642494, "params": {"detectionthresholdsquare": 0.07238819002534418, "minimalnumberofconnections": 7.932911339840653, "pafthreshold": 0.3754085265651071}, "datetime": {"datetime": "2021-07-09 07:06:15", "elapsed": 30.867761, "delta": 0.504605}}
{"target": -1000000000.0, "params": {"detectionthresholdsquare": 0.22268731812684012, "minimalnumberofconnections": 8.658408416638075, "pafthreshold": 0.6122671186357173}, "datetime": {"datetime": "2021-07-09 07:06:15", "elapsed": 31.10736, "delta": 0.239599}}
{"target": 0.8218367172029843, "params": {"detectionthresholdsquare": 0.032829828270800686, "minimalnumberofconnections": 4.9793963615450965, "pafthreshold": 0.36181320170716263}, "datetime": {"datetime": "2021-07-09 07:06:16", "elapsed": 31.607238, "delta": 0.499878}}
{"target": 0.7840807263444013, "params": {"detectionthresholdsquare": 0.10858656119492917, "minimalnumberofconnections": 2.2617993146799735, "pafthreshold": 0.35339854113278957}, "datetime": {"datetime": "2021-07-09 07:06:16", "elapsed": 32.109568, "delta": 0.50233}}
